# JRE version: Java(TM) SE Runtime Environment (9.0+11) (build 9.0.4+11)
# Java VM: Java HotSpot(TM) 64-Bit Server VM (9.0.4+11, mixed mode, tiered, compressed oops, g1 gc, windows-amd64)
Heap:
 garbage-first heap   total 444416K, used 173522K [0x0000000700000000, 0x0000000700100d90, 0x00000007c0000000)
  region size 1024K, 22 young (22528K), 2 survivors (2048K)
 Metaspace       used 112846K, capacity 115433K, committed 124232K, reserved 1155072K
  class space    used 15893K, capacity 16403K, committed 18248K, reserved 1048576K
GC Heap History (10 events):
Event: 8795.024 GC heap before
{Heap before GC invocations=2887 (full 863):
 garbage-first heap   total 444416K, used 213235K [0x0000000700000000, 0x0000000700100d90, 0x00000007c0000000)
  region size 1024K, 60 young (61440K), 2 survivors (2048K)
 Metaspace       used 112846K, capacity 115433K, committed 124232K, reserved 1155072K
  class space    used 15893K, capacity 16403K, committed 18248K, reserved 1048576K
}
Event: 8795.028 GC heap after
{Heap after GC invocations=2888 (full 863):
 garbage-first heap   total 444416K, used 153960K [0x0000000700000000, 0x0000000700100d90, 0x00000007c0000000)
  region size 1024K, 2 young (2048K), 2 survivors (2048K)
 Metaspace       used 112846K, capacity 115433K, committed 124232K, reserved 1155072K
  class space    used 15893K, capacity 16403K, committed 18248K, reserved 1048576K
}
Event: 8799.841 GC heap before
{Heap before GC invocations=2888 (full 863):
 garbage-first heap   total 444416K, used 213352K [0x0000000700000000, 0x0000000700100d90, 0x00000007c0000000)
  region size 1024K, 60 young (61440K), 2 survivors (2048K)
 Metaspace       used 112846K, capacity 115433K, committed 124232K, reserved 1155072K
  class space    used 15893K, capacity 16403K, committed 18248K, reserved 1048576K
}
Event: 8799.845 GC heap after
{Heap after GC invocations=2889 (full 863):
 garbage-first heap   total 444416K, used 153733K [0x0000000700000000, 0x0000000700100d90, 0x00000007c0000000)
  region size 1024K, 1 young (1024K), 1 survivors (1024K)
 Metaspace       used 112846K, capacity 115433K, committed 124232K, reserved 1155072K
  class space    used 15893K, capacity 16403K, committed 18248K, reserved 1048576K
}
Event: 8800.034 GC heap before
{Heap before GC invocations=2889 (full 863):
 garbage-first heap   total 444416K, used 214149K [0x0000000700000000, 0x0000000700100d90, 0x00000007c0000000)
  region size 1024K, 60 young (61440K), 1 survivors (1024K)
 Metaspace       used 112846K, capacity 115433K, committed 124232K, reserved 1155072K
  class space    used 15893K, capacity 16403K, committed 18248K, reserved 1048576K
}
Event: 8800.036 GC heap after
{Heap after GC invocations=2890 (full 863):
 garbage-first heap   total 444416K, used 153723K [0x0000000700000000, 0x0000000700100d90, 0x00000007c0000000)
  region size 1024K, 1 young (1024K), 1 survivors (1024K)
 Metaspace       used 112846K, capacity 115433K, committed 124232K, reserved 1155072K
  class space    used 15893K, capacity 16403K, committed 18248K, reserved 1048576K
}
Event: 8811.810 GC heap before
{Heap before GC invocations=2890 (full 863):
 garbage-first heap   total 444416K, used 214139K [0x0000000700000000, 0x0000000700100d90, 0x00000007c0000000)
  region size 1024K, 60 young (61440K), 1 survivors (1024K)
 Metaspace       used 112846K, capacity 115433K, committed 124232K, reserved 1155072K
  class space    used 15893K, capacity 16403K, committed 18248K, reserved 1048576K
}
Event: 8811.813 GC heap after
{Heap after GC invocations=2891 (full 863):
 garbage-first heap   total 444416K, used 153970K [0x0000000700000000, 0x0000000700100d90, 0x00000007c0000000)
  region size 1024K, 2 young (2048K), 2 survivors (2048K)
 Metaspace       used 112846K, capacity 115433K, committed 124232K, reserved 1155072K
  class space    used 15893K, capacity 16403K, committed 18248K, reserved 1048576K
}
Event: 8825.336 GC heap before
{Heap before GC invocations=2891 (full 863):
 garbage-first heap   total 444416K, used 213362K [0x0000000700000000, 0x0000000700100d90, 0x00000007c0000000)
  region size 1024K, 60 young (61440K), 2 survivors (2048K)
 Metaspace       used 112846K, capacity 115433K, committed 124232K, reserved 1155072K
  class space    used 15893K, capacity 16403K, committed 18248K, reserved 1048576K
}
Event: 8825.341 GC heap after
{Heap after GC invocations=2892 (full 863):
 garbage-first heap   total 444416K, used 154066K [0x0000000700000000, 0x0000000700100d90, 0x00000007c0000000)
  region size 1024K, 2 young (2048K), 2 survivors (2048K)
 Metaspace       used 112846K, capacity 115433K, committed 124232K, reserved 1155072K
  class space    used 15893K, capacity 16403K, committed 18248K, reserved 1048576K
}

